sdk/biometric-auth/build/intermediates/manifest_merge_blame_file/debug/manifest-merger-blame-debug-report.txt
1<?xml version="1.0" encoding="utf-8"?>
2<manifest xmlns:android="http://schemas.android.com/apk/res/android"
3    package="com.an.biometric" >
4
5    <uses-sdk
6        android:minSdkVersion="21"
6-->src\main\AndroidManifest.xml
7        android:targetSdkVersion="33" />
7-->src\main\AndroidManifest.xml
8
9    <!-- Step 1: Add the following permission to the app -->
10    <uses-permission android:name="android.permission.USE_BIOMETRIC" />
10-->src\main\AndroidManifest.xml:5:5-72
10-->src\main\AndroidManifest.xml:5:22-69
11
12    <!-- Step 2: This permission is depreciated in Android P -->
13    <uses-permission android:name="android.permission.USE_FINGERPRINT" />
13-->src\main\AndroidManifest.xml:8:5-74
13-->src\main\AndroidManifest.xml:8:22-71
14
15</manifest>